   1              		.syntax unified
   2              		.cpu cortex-m3
   3              		.fpu softvfp
   4              		.eabi_attribute 20, 1
   5              		.eabi_attribute 21, 1
   6              		.eabi_attribute 23, 3
   7              		.eabi_attribute 24, 1
   8              		.eabi_attribute 25, 1
   9              		.eabi_attribute 26, 1
  10              		.eabi_attribute 30, 4
  11              		.eabi_attribute 18, 4
  12              		.thumb
  13              		.file	"efm32_rtc.c"
  14              		.text
  15              		.align	1
  16              		.thumb
  17              		.thumb_func
  19              	RTC_Sync:
  20              		@ args = 0, pretend = 0, frame = 0
  21              		@ frame_needed = 0, uses_anonymous_args = 0
  22              		@ link register save eliminated.
  23 0000 044B     		ldr	r3, .L6
  24 0002 1B6A     		ldr	r3, [r3, #32]
  25 0004 13F0010F 		tst	r3, #1
  26 0008 03D1     		bne	.L4
  27              	.L3:
  28 000a 024B     		ldr	r3, .L6
  29 000c 5B6A     		ldr	r3, [r3, #36]
  30 000e 1842     		tst	r0, r3
  31 0010 FBD1     		bne	.L3
  32              	.L4:
  33 0012 7047     		bx	lr
  34              	.L7:
  35              		.align	2
  36              	.L6:
  37 0014 00000840 		.word	1074266112
  39              		.align	1
  40              		.global	RTC_CompareGet
  41              		.thumb
  42              		.thumb_func
  44              	RTC_CompareGet:
  45              		@ args = 0, pretend = 0, frame = 0
  46              		@ frame_needed = 0, uses_anonymous_args = 0
  47              		@ link register save eliminated.
  48 0018 18B1     		cbz	r0, .L10
  49 001a 0128     		cmp	r0, #1
  50 001c 04D0     		beq	.L11
  51 001e 0020     		movs	r0, #0
  52 0020 7047     		bx	lr
  53              	.L10:
  54 0022 034B     		ldr	r3, .L14
  55 0024 9868     		ldr	r0, [r3, #8]
  56 0026 7047     		bx	lr
  57              	.L11:
  58 0028 014B     		ldr	r3, .L14
  59 002a D868     		ldr	r0, [r3, #12]
  60 002c 7047     		bx	lr
  61              	.L15:
  62 002e 00BF     		.align	2
  63              	.L14:
  64 0030 00000840 		.word	1074266112
  66              		.align	1
  67              		.global	RTC_CompareSet
  68              		.thumb
  69              		.thumb_func
  71              	RTC_CompareSet:
  72              		@ args = 0, pretend = 0, frame = 0
  73              		@ frame_needed = 0, uses_anonymous_args = 0
  74 0034 38B5     		push	{r3, r4, r5, lr}
  75 0036 0D46     		mov	r5, r1
  76 0038 20B1     		cbz	r0, .L18
  77 003a 0128     		cmp	r0, #1
  78 003c 07D1     		bne	.L21
  79 003e 0420     		movs	r0, #4
  80 0040 034C     		ldr	r4, .L22
  81 0042 01E0     		b	.L20
  82              	.L18:
  83 0044 034C     		ldr	r4, .L22+4
  84 0046 0220     		movs	r0, #2
  85              	.L20:
  86 0048 FFF7DAFF 		bl	RTC_Sync
  87 004c 2560     		str	r5, [r4, #0]
  88              	.L21:
  89 004e 38BD     		pop	{r3, r4, r5, pc}
  90              	.L23:
  91              		.align	2
  92              	.L22:
  93 0050 0C000840 		.word	1074266124
  94 0054 08000840 		.word	1074266120
  96              		.align	1
  97              		.global	RTC_FreezeEnable
  98              		.thumb
  99              		.thumb_func
 101              	RTC_FreezeEnable:
 102              		@ args = 0, pretend = 0, frame = 0
 103              		@ frame_needed = 0, uses_anonymous_args = 0
 104              		@ link register save eliminated.
 105 0058 30B1     		cbz	r0, .L25
 106              	.L26:
 107 005a 054B     		ldr	r3, .L29
 108 005c 5A6A     		ldr	r2, [r3, #36]
 109 005e 002A     		cmp	r2, #0
 110 0060 FBD1     		bne	.L26
 111 0062 0132     		adds	r2, r2, #1
 112 0064 1A62     		str	r2, [r3, #32]
 113 0066 7047     		bx	lr
 114              	.L25:
 115 0068 014A     		ldr	r2, .L29
 116 006a 1062     		str	r0, [r2, #32]
 117 006c 7047     		bx	lr
 118              	.L30:
 119 006e 00BF     		.align	2
 120              	.L29:
 121 0070 00000840 		.word	1074266112
 123              		.align	1
 124              		.global	RTC_Init
 125              		.thumb
 126              		.thumb_func
 128              	RTC_Init:
 129              		@ args = 0, pretend = 0, frame = 0
 130              		@ frame_needed = 0, uses_anonymous_args = 0
 131 0074 4378     		ldrb	r3, [r0, #1]	@ zero_extendqisi2
 132 0076 10B5     		push	{r4, lr}
 133 0078 0478     		ldrb	r4, [r0, #0]	@ zero_extendqisi2
 134 007a 0BB1     		cbz	r3, .L32
 135 007c 44F00204 		orr	r4, r4, #2
 136              	.L32:
 137 0080 8378     		ldrb	r3, [r0, #2]	@ zero_extendqisi2
 138 0082 0BB1     		cbz	r3, .L33
 139 0084 44F00404 		orr	r4, r4, #4
 140              	.L33:
 141 0088 0120     		movs	r0, #1
 142 008a FFF7B9FF 		bl	RTC_Sync
 143 008e 014B     		ldr	r3, .L35
 144 0090 1C60     		str	r4, [r3, #0]
 145 0092 10BD     		pop	{r4, pc}
 146              	.L36:
 147              		.align	2
 148              	.L35:
 149 0094 00000840 		.word	1074266112
 151              		.align	1
 152              		.global	RTC_Enable
 153              		.thumb
 154              		.thumb_func
 156              	RTC_Enable:
 157              		@ args = 0, pretend = 0, frame = 0
 158              		@ frame_needed = 0, uses_anonymous_args = 0
 159 0098 10B5     		push	{r4, lr}
 160 009a 0446     		mov	r4, r0
 161 009c 0120     		movs	r0, #1
 162 009e FFF7AFFF 		bl	RTC_Sync
 163 00a2 4FF08643 		mov	r3, #1124073472
 164 00a6 1C60     		str	r4, [r3, #0]
 165 00a8 10BD     		pop	{r4, pc}
 167 00aa 00BF     		.ident	"GCC: (Sourcery G++ Lite 2010q1-188) 4.4.1"
DEFINED SYMBOLS
                            *ABS*:00000000 efm32_rtc.c
C:\Users\matthias\AppData\Local\Temp\ccdssh24.s:15     .text:00000000 $t
C:\Users\matthias\AppData\Local\Temp\ccdssh24.s:19     .text:00000000 RTC_Sync
C:\Users\matthias\AppData\Local\Temp\ccdssh24.s:37     .text:00000014 $d
C:\Users\matthias\AppData\Local\Temp\ccdssh24.s:39     .text:00000018 $t
C:\Users\matthias\AppData\Local\Temp\ccdssh24.s:44     .text:00000018 RTC_CompareGet
C:\Users\matthias\AppData\Local\Temp\ccdssh24.s:64     .text:00000030 $d
C:\Users\matthias\AppData\Local\Temp\ccdssh24.s:66     .text:00000034 $t
C:\Users\matthias\AppData\Local\Temp\ccdssh24.s:71     .text:00000034 RTC_CompareSet
C:\Users\matthias\AppData\Local\Temp\ccdssh24.s:93     .text:00000050 $d
C:\Users\matthias\AppData\Local\Temp\ccdssh24.s:96     .text:00000058 $t
C:\Users\matthias\AppData\Local\Temp\ccdssh24.s:101    .text:00000058 RTC_FreezeEnable
C:\Users\matthias\AppData\Local\Temp\ccdssh24.s:121    .text:00000070 $d
C:\Users\matthias\AppData\Local\Temp\ccdssh24.s:123    .text:00000074 $t
C:\Users\matthias\AppData\Local\Temp\ccdssh24.s:128    .text:00000074 RTC_Init
C:\Users\matthias\AppData\Local\Temp\ccdssh24.s:149    .text:00000094 $d
C:\Users\matthias\AppData\Local\Temp\ccdssh24.s:151    .text:00000098 $t
C:\Users\matthias\AppData\Local\Temp\ccdssh24.s:156    .text:00000098 RTC_Enable

NO UNDEFINED SYMBOLS
